<?xml version="1.0" encoding="UTF-8"?>
<testng-results ignored="0" total="1" passed="1" failed="0" skipped="0">
  <reporter-output>
  </reporter-output>
  <suite started-at="2023-05-17T01:24:33 EET" name="Surefire suite" finished-at="2023-05-17T01:24:41 EET" duration-ms="8247">
    <groups>
    </groups>
    <test started-at="2023-05-17T01:24:33 EET" name="Surefire test" finished-at="2023-05-17T01:24:41 EET" duration-ms="8247">
      <class name="asu.practical.TestCase">
        <test-method is-config="true" signature="setup()[pri:0, instance:asu.practical.TestCase@17c1bced]" started-at="2023-05-17T01:24:33 EET" name="setup" finished-at="2023-05-17T01:24:41 EET" duration-ms="7787" status="PASS">
          <reporter-output>
          </reporter-output>
        </test-method> <!-- setup -->
        <test-method signature="f()[pri:0, instance:asu.practical.TestCase@17c1bced]" started-at="2023-05-17T01:24:41 EET" name="f" finished-at="2023-05-17T01:24:41 EET" duration-ms="3" status="PASS">
          <reporter-output>
          </reporter-output>
        </test-method> <!-- f -->
        <test-method is-config="true" signature="quit()[pri:0, instance:asu.practical.TestCase@17c1bced]" started-at="2023-05-17T01:24:41 EET" name="quit" finished-at="2023-05-17T01:24:41 EET" duration-ms="341" status="PASS">
          <reporter-output>
          </reporter-output>
        </test-method> <!-- quit -->
      </class> <!-- asu.practical.TestCase -->
    </test> <!-- Surefire test -->
  </suite> <!-- Surefire suite -->
</testng-results>
